  Cloud.cpp
C:\Users\cdydo\OneDrive\바탕 화면\Mines\Programs\2024\Fishing_Game\Fishing_Game\Object.h(19,14): error C2039: 'vector': 'std'의 멤버가 아닙니다.
C:\Program Files\Microsoft Visual Studio\2022\Community\VC\Tools\MSVC\14.36.32532\include\cmath(716,1): message : 'std' 선언을 참조하십시오.
C:\Users\cdydo\OneDrive\바탕 화면\Mines\Programs\2024\Fishing_Game\Fishing_Game\Object.h(19,20): error C2143: 구문 오류: ';'이(가) '<' 앞에 없습니다.
C:\Users\cdydo\OneDrive\바탕 화면\Mines\Programs\2024\Fishing_Game\Fishing_Game\Object.h(19,20): error C4430: 형식 지정자가 없습니다. int로 가정합니다. 참고: C++에서는 기본 int를 지원하지 않습니다.
C:\Users\cdydo\OneDrive\바탕 화면\Mines\Programs\2024\Fishing_Game\Fishing_Game\Object.h(19,34): error C2238: ';' 앞에 예기치 않은 토큰이 있습니다.
C:\Users\cdydo\OneDrive\바탕 화면\Mines\Programs\2024\Fishing_Game\Fishing_Game\Cloud.cpp(15,27): warning C4244: '=': 'int'에서 'T'(으)로 변환하면서 데이터가 손실될 수 있습니다.
          with
          [
              T=float
          ]
C:\Users\cdydo\OneDrive\바탕 화면\Mines\Programs\2024\Fishing_Game\Fishing_Game\Cloud.cpp(20,19): warning C4244: '=': 'int'에서 'T'(으)로 변환하면서 데이터가 손실될 수 있습니다.
          with
          [
              T=float
          ]
  Fishing_Game.cpp
  Graphics.cpp
  Object.cpp
C:\Users\cdydo\OneDrive\바탕 화면\Mines\Programs\2024\Fishing_Game\Fishing_Game\Object.cpp(85,26): warning C4244: '+=': 'double'에서 'T'(으)로 변환하면서 데이터가 손실될 수 있습니다.
          with
          [
              T=float
          ]
  PixelSprite.cpp
C:\Users\cdydo\OneDrive\바탕 화면\Mines\Programs\2024\Fishing_Game\Fishing_Game\PixelSprite.cpp(40,167): warning C4244: '인수': 'T'에서 'int'(으)로 변환하면서 데이터가 손실될 수 있습니다.
          with
          [
              T=float
          ]
C:\Users\cdydo\OneDrive\바탕 화면\Mines\Programs\2024\Fishing_Game\Fishing_Game\PixelSprite.cpp(40,131): warning C4244: '인수': 'T'에서 'int'(으)로 변환하면서 데이터가 손실될 수 있습니다.
          with
          [
              T=float
          ]
C:\Users\cdydo\OneDrive\바탕 화면\Mines\Programs\2024\Fishing_Game\Fishing_Game\PixelSprite.cpp(40,81): warning C4244: '인수': 'T'에서 'int'(으)로 변환하면서 데이터가 손실될 수 있습니다.
          with
          [
              T=float
          ]
C:\Users\cdydo\OneDrive\바탕 화면\Mines\Programs\2024\Fishing_Game\Fishing_Game\PixelSprite.cpp(40,39): warning C4244: '인수': 'T'에서 'int'(으)로 변환하면서 데이터가 손실될 수 있습니다.
          with
          [
              T=float
          ]
  Singleton.h
  Sprite.cpp
  WindowClass.cpp
  코드를 생성하고 있습니다...
